<?xml version="1.0" encoding="UTF-8"?>
<!-- Generated by org.testng.reporters.JUnitReportReporter -->
<testsuite hostname="LAPTOP-PL64QS0V" failures="0" tests="1" name="testClasses.ManageUsersTestClass" time="9.661" errors="0" timestamp="2024-12-19T05:38:10 IST" skipped="0">
  <testcase classname="testClasses.ManageUsersTestClass" name="verifyTheAddedUserIsVisibleInTheAllUserList" time="9.661"/>
  <system-out/>
</testsuite> <!-- testClasses.ManageUsersTestClass -->
