<?xml version="1.0" encoding="UTF-8"?>
<!-- Generated by org.testng.reporters.JUnitReportReporter -->
<testsuite hostname="LAPTOP-PL64QS0V" failures="0" tests="1" name="testClasses.LoginPageTestClass" time="5.443" errors="0" timestamp="2024-12-19T16:19:30 IST" skipped="0">
  <testcase classname="testClasses.LoginPageTestClass" name="verifyResetPasswordPageComingWhileClickingOnForgotPassword" time="5.443"/>
  <system-out/>
</testsuite> <!-- testClasses.LoginPageTestClass -->
