<?xml version="1.0" encoding="UTF-8"?>
<!-- Generated by org.testng.reporters.JUnitReportReporter -->
<testsuite hostname="LAPTOP-PL64QS0V" failures="0" tests="1" name="testClasses.HomePageTestClass" time="7.937" errors="0" timestamp="2024-12-19T16:18:15 IST" skipped="0">
  <testcase classname="testClasses.HomePageTestClass" name="verifySuccessfullSignOut" time="7.937"/>
  <system-out/>
</testsuite> <!-- testClasses.HomePageTestClass -->
